<?xml version="1.0" encoding="UTF-8"?><testsuites failures="0" name="dependency-check" tests="10"><testsuite failures="0" errors="0" time="0" id="0" name="/home/runner/.m2/repository/org/clojure/clojure/1.11.3/clojure-1.11.3.jar" package="clojure-1.11.3.jar" skipped="0" tests="1" timestamp="2024-06-25T02:40:10.345328816"><testcase classname="dependency-check" name="clojure-1.11.3.jar"/></testsuite><testsuite failures="0" errors="0" time="0" id="1" name="/home/runner/.m2/repository/org/apache/commons/commons-lang3/3.5/commons-lang3-3.5.jar" package="commons-lang3-3.5.jar" skipped="0" tests="1" timestamp="2024-06-25T02:40:10.345328816"><testcase classname="dependency-check" name="commons-lang3-3.5.jar"/></testsuite><testsuite failures="0" errors="0" time="0" id="2" name="/home/runner/.m2/repository/org/clojure/core.specs.alpha/0.2.62/core.specs.alpha-0.2.62.jar" package="core.specs.alpha-0.2.62.jar" skipped="0" tests="1" timestamp="2024-06-25T02:40:10.345328816"><testcase classname="dependency-check" name="core.specs.alpha-0.2.62.jar"/></testsuite><testsuite failures="0" errors="0" time="0" id="3" name="/home/runner/.m2/repository/com/google/code/gson/gson/2.8.9/gson-2.8.9.jar" package="gson-2.8.9.jar" skipped="0" tests="1" timestamp="2024-06-25T02:40:10.345328816"><testcase classname="dependency-check" name="gson-2.8.9.jar"/></testsuite><testsuite failures="0" errors="0" time="0" id="4" name="/home/runner/.m2/repository/instaparse/instaparse/1.5.0/instaparse-1.5.0.jar" package="instaparse-1.5.0.jar" skipped="0" tests="1" timestamp="2024-06-25T02:40:10.345328816"><testcase classname="dependency-check" name="instaparse-1.5.0.jar"/></testsuite><testsuite failures="0" errors="0" time="0" id="5" name="/home/runner/.m2/repository/org/spdx/java-spdx-library/1.1.11/java-spdx-library-1.1.11.jar" package="java-spdx-library-1.1.11.jar" skipped="0" tests="1" timestamp="2024-06-25T02:40:10.345328816"><testcase classname="dependency-check" name="java-spdx-library-1.1.11.jar"/></testsuite><testsuite failures="0" errors="0" time="0" id="6" name="/home/runner/.m2/repository/org/jsoup/jsoup/1.15.3/jsoup-1.15.3.jar" package="jsoup-1.15.3.jar" skipped="0" tests="1" timestamp="2024-06-25T02:40:10.345328816"><testcase classname="dependency-check" name="jsoup-1.15.3.jar"/></testsuite><testsuite failures="0" errors="0" time="0" id="7" name="/home/runner/.m2/repository/com/google/code/findbugs/jsr305/3.0.2/jsr305-3.0.2.jar" package="jsr305-3.0.2.jar" skipped="0" tests="1" timestamp="2024-06-25T02:40:10.345328816"><testcase classname="dependency-check" name="jsr305-3.0.2.jar"/></testsuite><testsuite failures="0" errors="0" time="0" id="8" name="/home/runner/.m2/repository/org/slf4j/slf4j-api/2.0.13/slf4j-api-2.0.13.jar" package="slf4j-api-2.0.13.jar" skipped="0" tests="1" timestamp="2024-06-25T02:40:10.345328816"><testcase classname="dependency-check" name="slf4j-api-2.0.13.jar"/></testsuite><testsuite failures="0" errors="0" time="0" id="9" name="/home/runner/.m2/repository/org/clojure/spec.alpha/0.3.218/spec.alpha-0.3.218.jar" package="spec.alpha-0.3.218.jar" skipped="0" tests="1" timestamp="2024-06-25T02:40:10.345328816"><testcase classname="dependency-check" name="spec.alpha-0.3.218.jar"/></testsuite></testsuites>