<?xml version="1.0" encoding="UTF-8"?>
<testsuites failures="0" name="dependency-check" tests="16">
        <testsuite failures="0" errors="0" time="0" id="0" name="/home/runner/.m2/repository/org/clojure/clojure/1.12.4/clojure-1.12.4.jar" package="clojure-1.12.4.jar" skipped="0" tests="1" timestamp="2026-02-24T04:34:06.347773075">
            <testcase classname="dependency-check" name="clojure-1.12.4.jar"/>
    </testsuite>
        <testsuite failures="0" errors="0" time="0" id="1" name="/home/runner/.m2/repository/org/apache/commons/commons-lang3/3.20.0/commons-lang3-3.20.0.jar" package="commons-lang3-3.20.0.jar" skipped="0" tests="1" timestamp="2026-02-24T04:34:06.347773075">
            <testcase classname="dependency-check" name="commons-lang3-3.20.0.jar"/>
    </testsuite>
        <testsuite failures="0" errors="0" time="0" id="2" name="/home/runner/.m2/repository/org/clojure/core.specs.alpha/0.4.74/core.specs.alpha-0.4.74.jar" package="core.specs.alpha-0.4.74.jar" skipped="0" tests="1" timestamp="2026-02-24T04:34:06.347773075">
            <testcase classname="dependency-check" name="core.specs.alpha-0.4.74.jar"/>
    </testsuite>
        <testsuite failures="0" errors="0" time="0" id="3" name="/home/runner/.m2/repository/com/google/errorprone/error_prone_annotations/2.41.0/error_prone_annotations-2.41.0.jar" package="error_prone_annotations-2.41.0.jar" skipped="0" tests="1" timestamp="2026-02-24T04:34:06.347773075">
            <testcase classname="dependency-check" name="error_prone_annotations-2.41.0.jar"/>
    </testsuite>
        <testsuite failures="0" errors="0" time="0" id="4" name="/home/runner/.m2/repository/com/google/code/gson/gson/2.13.2/gson-2.13.2.jar" package="gson-2.13.2.jar" skipped="0" tests="1" timestamp="2026-02-24T04:34:06.347773075">
            <testcase classname="dependency-check" name="gson-2.13.2.jar"/>
    </testsuite>
        <testsuite failures="0" errors="0" time="0" id="5" name="/home/runner/.m2/repository/instaparse/instaparse/1.5.0/instaparse-1.5.0.jar" package="instaparse-1.5.0.jar" skipped="0" tests="1" timestamp="2026-02-24T04:34:06.347773075">
            <testcase classname="dependency-check" name="instaparse-1.5.0.jar"/>
    </testsuite>
        <testsuite failures="0" errors="0" time="0" id="6" name="/home/runner/.m2/repository/org/spdx/java-spdx-library/2.0.2/java-spdx-library-2.0.2.jar" package="java-spdx-library-2.0.2.jar" skipped="0" tests="1" timestamp="2026-02-24T04:34:06.347773075">
            <testcase classname="dependency-check" name="java-spdx-library-2.0.2.jar"/>
    </testsuite>
        <testsuite failures="0" errors="0" time="0" id="7" name="/home/runner/.m2/repository/org/jsoup/jsoup/1.21.2/jsoup-1.21.2.jar" package="jsoup-1.21.2.jar" skipped="0" tests="1" timestamp="2026-02-24T04:34:06.347773075">
            <testcase classname="dependency-check" name="jsoup-1.21.2.jar"/>
    </testsuite>
        <testsuite failures="0" errors="0" time="0" id="8" name="/home/runner/.m2/repository/com/google/code/findbugs/jsr305/3.0.2/jsr305-3.0.2.jar" package="jsr305-3.0.2.jar" skipped="0" tests="1" timestamp="2026-02-24T04:34:06.347773075">
            <testcase classname="dependency-check" name="jsr305-3.0.2.jar"/>
    </testsuite>
        <testsuite failures="0" errors="0" time="0" id="9" name="/home/runner/.m2/repository/com/github/pmonks/rencg/1.0.90/rencg-1.0.90.jar" package="rencg-1.0.90.jar" skipped="0" tests="1" timestamp="2026-02-24T04:34:06.347773075">
            <testcase classname="dependency-check" name="rencg-1.0.90.jar"/>
    </testsuite>
        <testsuite failures="0" errors="0" time="0" id="10" name="/home/runner/.m2/repository/org/slf4j/slf4j-api/2.0.17/slf4j-api-2.0.17.jar" package="slf4j-api-2.0.17.jar" skipped="0" tests="1" timestamp="2026-02-24T04:34:06.347773075">
            <testcase classname="dependency-check" name="slf4j-api-2.0.17.jar"/>
    </testsuite>
        <testsuite failures="0" errors="0" time="0" id="11" name="/home/runner/.m2/repository/org/spdx/spdx-java-core/1.0.2/spdx-java-core-1.0.2.jar" package="spdx-java-core-1.0.2.jar" skipped="0" tests="1" timestamp="2026-02-24T04:34:06.347773075">
            <testcase classname="dependency-check" name="spdx-java-core-1.0.2.jar"/>
    </testsuite>
        <testsuite failures="0" errors="0" time="0" id="12" name="/home/runner/.m2/repository/org/spdx/spdx-java-model-2_X/1.0.2/spdx-java-model-2_X-1.0.2.jar" package="spdx-java-model-2_X-1.0.2.jar" skipped="0" tests="1" timestamp="2026-02-24T04:34:06.347773075">
            <testcase classname="dependency-check" name="spdx-java-model-2_X-1.0.2.jar"/>
    </testsuite>
        <testsuite failures="0" errors="0" time="0" id="13" name="/home/runner/.m2/repository/org/spdx/spdx-java-model-3_0/1.0.2/spdx-java-model-3_0-1.0.2.jar" package="spdx-java-model-3_0-1.0.2.jar" skipped="0" tests="1" timestamp="2026-02-24T04:34:06.347773075">
            <testcase classname="dependency-check" name="spdx-java-model-3_0-1.0.2.jar"/>
    </testsuite>
        <testsuite failures="0" errors="0" time="0" id="14" name="/home/runner/.m2/repository/org/clojure/spec.alpha/0.5.238/spec.alpha-0.5.238.jar" package="spec.alpha-0.5.238.jar" skipped="0" tests="1" timestamp="2026-02-24T04:34:06.347773075">
            <testcase classname="dependency-check" name="spec.alpha-0.5.238.jar"/>
    </testsuite>
        <testsuite failures="0" errors="0" time="0" id="15" name="/home/runner/.m2/repository/com/github/pmonks/wreck/1.0.151/wreck-1.0.151.jar" package="wreck-1.0.151.jar" skipped="0" tests="1" timestamp="2026-02-24T04:34:06.347773075">
            <testcase classname="dependency-check" name="wreck-1.0.151.jar"/>
    </testsuite>
</testsuites>